11:04:55.106 [JavaFX Application Thread] DEBUG GameApplication      - Logger initialized
11:04:55.119 [JavaFX Application Thread] DEBUG GameApplication      - Logging settings
Title: EMIL
Version: 2.0
Width: 200
Height: 200
Fullscreen: false
Intro: false
Menus: false
Profiling: false
Single step:false
App Mode: DEVELOPER
Menu Key: ESCAPE
Stage Style: DECORATED
Scene Factory: class com.almasb.fxgl.scene.SceneFactory
Dialog Factory: class com.almasb.fxgl.ui.FXGLDialogFactory
UI Factory: class com.almasb.fxgl.ui.FXGLUIFactory
Notification Service: class com.almasb.fxgl.gameplay.notification.XboxNotificationView
Exception Handler: class com.almasb.fxgl.app.FXGLExceptionHandler
11:04:55.119 [JavaFX Application Thread] DEBUG GameApplication      - Starting FXGL
11:04:55.125 [JavaFX Application Thread] INFO  FXGL                 - FXGL-0.5.4 on DESKTOP
11:04:55.125 [JavaFX Application Thread] INFO  FXGL                 - Source code and latest versions at: https://github.com/AlmasB/FXGL
11:04:55.126 [JavaFX Application Thread] INFO  FXGL                 -              Join the FXGL chat at: https://gitter.im/AlmasB/FXGL
11:04:55.126 [JavaFX Application Thread] DEBUG FXGL                 - FXGL started
11:04:55.126 [JavaFX Application Thread] DEBUG FXGL                 - Initializing FXGL
11:04:55.165 [JavaFX Application Thread] DEBUG AssetLoader          - Loading from disk: /assets/ui/cursors/fxgl_default.png
11:04:55.381 [JavaFX Application Thread] DEBUG AssetLoader          - Loading from disk: /assets/ui/fonts/VarelaRound-Regular.ttf
11:04:55.451 [JavaFX Application Thread] DEBUG MainWindow           - Creating a JavaFX scene
11:04:55.485 [JavaFX Application Thread] DEBUG MainWindow           - Target settings size: 200.0 x 200.0
11:04:55.485 [JavaFX Application Thread] DEBUG MainWindow           - Scaled scene size:    200.0 x 200.0
11:04:55.486 [JavaFX Application Thread] DEBUG MainWindow           - Scaled ratio: (1.0, 1.0)
11:04:55.488 [JavaFX Application Thread] DEBUG AssetLoader          - Loading from disk: /assets/ui/css/fxgl_dark.css
11:04:55.492 [JavaFX Application Thread] DEBUG AssetLoader          - Loading from disk: /assets/textures/fxgl_icon.png
11:04:55.506 [JavaFX Application Thread] DEBUG MainWindow           - Opening main window
11:04:55.645 [JavaFX Application Thread] DEBUG MainWindow           - Window border size: (0.0, 22.0)
11:04:55.645 [JavaFX Application Thread] DEBUG MainWindow           - Scaled size: 200.0 x 200.0
11:04:55.645 [JavaFX Application Thread] DEBUG MainWindow           - Scaled ratio: (1.0, 1.0)
11:04:55.645 [JavaFX Application Thread] DEBUG MainWindow           - Scene size: 200.0 x 200.0
11:04:55.645 [JavaFX Application Thread] DEBUG MainWindow           - Stage size: 200.0 x 222.0
11:04:55.675 [ForkJoinPool.commonPool-worker-1] DEBUG FS                   - Loaded DesktopFSService
11:04:55.676 [ForkJoinPool.commonPool-worker-1] DEBUG FXGL                 - Loading FXGL system data
11:04:55.684 [ForkJoinPool.commonPool-worker-1] DEBUG DesktopFSService     - Reading from: system/fxgl.bundle
11:04:55.693 [ForkJoinPool.commonPool-worker-1] DEBUG Bundle               - Logging bundle: FXGL
11:04:55.694 [ForkJoinPool.commonPool-worker-1] DEBUG Bundle               - FXGL.offline.timer.version.check=2019-01-03T10:41:21.495
11:04:55.695 [ForkJoinPool.commonPool-worker-1] DEBUG FXGL                 - Initializing state machine and application states
11:04:55.697 [ForkJoinPool.commonPool-worker-1] DEBUG AssetLoader          - Loading from disk: /assets/ui/cursors/fxgl_default.png
11:04:55.702 [ForkJoinPool.commonPool-worker-1] DEBUG AssetLoader          - Loading from disk: /assets/ui/cursors/fxgl_default.png
11:04:55.709 [ForkJoinPool.commonPool-worker-1] DEBUG AssetLoader          - Loading from cache: /assets/ui/fonts/VarelaRound-Regular.ttf
11:04:55.712 [ForkJoinPool.commonPool-worker-1] DEBUG AssetLoader          - Loading from disk: /assets/ui/cursors/fxgl_default.png
11:04:55.715 [ForkJoinPool.commonPool-worker-1] DEBUG GameScene            - Game scene initialized: 200x200
11:04:55.720 [ForkJoinPool.commonPool-worker-1] DEBUG GameWorld            - Game world initialized
11:04:55.776 [ForkJoinPool.commonPool-worker-1] DEBUG PhysicsWorld         - Physics world initialized: appHeight=200, physics.ppm=50,0
11:04:55.798 [ForkJoinPool.commonPool-worker-1] DEBUG Input                - Registered new binding: Pause - Esc
11:04:55.854 [JavaFX Application Thread] DEBUG FXGL                 - Running preInit()
11:04:55.855 [JavaFX Application Thread] DEBUG Input                - Registered new binding: Screenshot - P
11:04:55.855 [JavaFX Application Thread] DEBUG Input                - Registered new binding: Dev Options - CTRL+0
11:04:55.856 [JavaFX Application Thread] DEBUG Input                - Registered new binding: System info dump - CTRL+9
11:04:55.856 [JavaFX Application Thread] DEBUG Input                - Registered new binding: Restart - CTRL+R
11:04:55.856 [JavaFX Application Thread] DEBUG Input                - Registered new binding: Move Right - D
11:04:55.856 [JavaFX Application Thread] DEBUG Input                - Registered new binding: Move Left - A
11:04:55.857 [JavaFX Application Thread] DEBUG Input                - Registered new binding: Move Up - W
11:04:55.857 [JavaFX Application Thread] DEBUG Input                - Registered new binding: Move Down - S
11:04:55.857 [JavaFX Application Thread] INFO  FXGL                 - FXGL initialization took: 0,731 sec
11:04:55.857 [JavaFX Application Thread] DEBUG LoopRunner           - Starting loop
11:04:55.868 [JavaFX Application Thread] DEBUG StartupState         - STARTUP
11:04:55.868 [JavaFX Application Thread] DEBUG GameApplication      - Starting new game
11:04:55.868 [JavaFX Application Thread] DEBUG Input                - Clearing active input actions
11:04:55.869 [JavaFX Application Thread] DEBUG AssetLoader          - Loading from disk: /assets/ui/css/fxgl_dark.css
11:04:55.875 [JavaFX Application Thread] DEBUG AppStateMachine      - StartupState -> LoadingState
11:04:55.880 [FXGL Background Thread 1 ] DEBUG InitAppTask          - Clearing previous game
11:04:55.880 [FXGL Background Thread 1 ] DEBUG GameWorld            - Clearing game world
11:04:55.880 [FXGL Background Thread 1 ] DEBUG PhysicsWorld         - Clearing physics world
11:04:55.880 [FXGL Background Thread 1 ] DEBUG GameScene            - Clearing game scene
11:04:55.881 [FXGL Background Thread 1 ] DEBUG InitAppTask          - Initializing Game
11:04:55.908 [FXGL Background Thread 1 ] DEBUG GameScene            - Creating render group for layer: DEFAULT(100000)
11:04:55.910 [FXGL Background Thread 1 ] DEBUG InitAppTask          - Initializing Physics
11:04:55.910 [FXGL Background Thread 1 ] DEBUG InitAppTask          - Initializing UI
11:04:55.911 [FXGL Background Thread 1 ] DEBUG InitAppTask          - Initialization Complete
11:04:55.911 [FXGL Background Thread 1 ] INFO  InitAppTask          - Game initialization took: 0,032 sec
11:04:55.936 [JavaFX Application Thread] DEBUG Input                - Clearing active input actions
11:04:55.936 [JavaFX Application Thread] DEBUG AssetLoader          - Loading from disk: /assets/ui/css/fxgl_dark.css
11:04:55.940 [JavaFX Application Thread] DEBUG AppStateMachine      - LoadingState -> PlayState
11:05:08.523 [JavaFX Application Thread] DEBUG FXGL                 - Exiting FXGL
11:05:08.523 [JavaFX Application Thread] DEBUG FXGL                 - Shutting down background threads
11:05:08.523 [JavaFX Application Thread] DEBUG FXGL                 - Saving FXGL system data
11:05:08.527 [JavaFX Application Thread] DEBUG DesktopFSService     - Writing to: system/fxgl.bundle
11:05:08.530 [JavaFX Application Thread] DEBUG FXGL                 - Closing logger and exiting JavaFX
