11:05:51.937 [JavaFX Application Thread] DEBUG GameApplication      - Logger initialized
11:05:51.950 [JavaFX Application Thread] DEBUG GameApplication      - Logging settings
Title: EMIL
Version: 2.0
Width: 200
Height: 200
Fullscreen: false
Intro: false
Menus: false
Profiling: false
Single step:false
App Mode: DEVELOPER
Menu Key: ESCAPE
Stage Style: DECORATED
Scene Factory: class com.almasb.fxgl.scene.SceneFactory
Dialog Factory: class com.almasb.fxgl.ui.FXGLDialogFactory
UI Factory: class com.almasb.fxgl.ui.FXGLUIFactory
Notification Service: class com.almasb.fxgl.gameplay.notification.XboxNotificationView
Exception Handler: class com.almasb.fxgl.app.FXGLExceptionHandler
11:05:51.950 [JavaFX Application Thread] DEBUG GameApplication      - Starting FXGL
11:05:51.956 [JavaFX Application Thread] INFO  FXGL                 - FXGL-0.5.4 on DESKTOP
11:05:51.957 [JavaFX Application Thread] INFO  FXGL                 - Source code and latest versions at: https://github.com/AlmasB/FXGL
11:05:51.957 [JavaFX Application Thread] INFO  FXGL                 -              Join the FXGL chat at: https://gitter.im/AlmasB/FXGL
11:05:51.957 [JavaFX Application Thread] DEBUG FXGL                 - FXGL started
11:05:51.957 [JavaFX Application Thread] DEBUG FXGL                 - Initializing FXGL
11:05:51.997 [JavaFX Application Thread] DEBUG AssetLoader          - Loading from disk: /assets/ui/cursors/fxgl_default.png
11:05:52.217 [JavaFX Application Thread] DEBUG AssetLoader          - Loading from disk: /assets/ui/fonts/VarelaRound-Regular.ttf
11:05:52.287 [JavaFX Application Thread] DEBUG MainWindow           - Creating a JavaFX scene
11:05:52.320 [JavaFX Application Thread] DEBUG MainWindow           - Target settings size: 200.0 x 200.0
11:05:52.320 [JavaFX Application Thread] DEBUG MainWindow           - Scaled scene size:    200.0 x 200.0
11:05:52.320 [JavaFX Application Thread] DEBUG MainWindow           - Scaled ratio: (1.0, 1.0)
11:05:52.323 [JavaFX Application Thread] DEBUG AssetLoader          - Loading from disk: /assets/ui/css/fxgl_dark.css
11:05:52.327 [JavaFX Application Thread] DEBUG AssetLoader          - Loading from disk: /assets/textures/fxgl_icon.png
11:05:52.342 [JavaFX Application Thread] DEBUG MainWindow           - Opening main window
11:05:52.483 [JavaFX Application Thread] DEBUG MainWindow           - Window border size: (0.0, 22.0)
11:05:52.483 [JavaFX Application Thread] DEBUG MainWindow           - Scaled size: 200.0 x 200.0
11:05:52.483 [JavaFX Application Thread] DEBUG MainWindow           - Scaled ratio: (1.0, 1.0)
11:05:52.483 [JavaFX Application Thread] DEBUG MainWindow           - Scene size: 200.0 x 200.0
11:05:52.484 [JavaFX Application Thread] DEBUG MainWindow           - Stage size: 200.0 x 222.0
11:05:52.514 [ForkJoinPool.commonPool-worker-1] DEBUG FS                   - Loaded DesktopFSService
11:05:52.515 [ForkJoinPool.commonPool-worker-1] DEBUG FXGL                 - Loading FXGL system data
11:05:52.522 [ForkJoinPool.commonPool-worker-1] DEBUG DesktopFSService     - Reading from: system/fxgl.bundle
11:05:52.531 [ForkJoinPool.commonPool-worker-1] DEBUG Bundle               - Logging bundle: FXGL
11:05:52.531 [ForkJoinPool.commonPool-worker-1] DEBUG Bundle               - FXGL.offline.timer.version.check=2019-01-03T10:41:21.495
11:05:52.532 [ForkJoinPool.commonPool-worker-1] DEBUG FXGL                 - Initializing state machine and application states
11:05:52.533 [ForkJoinPool.commonPool-worker-1] DEBUG AssetLoader          - Loading from disk: /assets/ui/cursors/fxgl_default.png
11:05:52.538 [ForkJoinPool.commonPool-worker-1] DEBUG AssetLoader          - Loading from disk: /assets/ui/cursors/fxgl_default.png
11:05:52.544 [ForkJoinPool.commonPool-worker-1] DEBUG AssetLoader          - Loading from cache: /assets/ui/fonts/VarelaRound-Regular.ttf
11:05:52.547 [ForkJoinPool.commonPool-worker-1] DEBUG AssetLoader          - Loading from disk: /assets/ui/cursors/fxgl_default.png
11:05:52.553 [ForkJoinPool.commonPool-worker-1] DEBUG GameScene            - Game scene initialized: 200x200
11:05:52.559 [ForkJoinPool.commonPool-worker-1] DEBUG GameWorld            - Game world initialized
11:05:52.615 [ForkJoinPool.commonPool-worker-1] DEBUG PhysicsWorld         - Physics world initialized: appHeight=200, physics.ppm=50,0
11:05:52.639 [ForkJoinPool.commonPool-worker-1] DEBUG Input                - Registered new binding: Pause - Esc
11:05:52.692 [JavaFX Application Thread] DEBUG FXGL                 - Running preInit()
11:05:52.693 [JavaFX Application Thread] DEBUG Input                - Registered new binding: Screenshot - P
11:05:52.693 [JavaFX Application Thread] DEBUG Input                - Registered new binding: Dev Options - CTRL+0
11:05:52.694 [JavaFX Application Thread] DEBUG Input                - Registered new binding: System info dump - CTRL+9
11:05:52.694 [JavaFX Application Thread] DEBUG Input                - Registered new binding: Restart - CTRL+R
11:05:52.694 [JavaFX Application Thread] DEBUG Input                - Registered new binding: Move Right - D
11:05:52.694 [JavaFX Application Thread] DEBUG Input                - Registered new binding: Move Left - A
11:05:52.695 [JavaFX Application Thread] DEBUG Input                - Registered new binding: Move Up - W
11:05:52.695 [JavaFX Application Thread] DEBUG Input                - Registered new binding: Move Down - S
11:05:52.695 [JavaFX Application Thread] INFO  FXGL                 - FXGL initialization took: 0,738 sec
11:05:52.695 [JavaFX Application Thread] DEBUG LoopRunner           - Starting loop
11:05:52.702 [JavaFX Application Thread] DEBUG StartupState         - STARTUP
11:05:52.702 [JavaFX Application Thread] DEBUG GameApplication      - Starting new game
11:05:52.702 [JavaFX Application Thread] DEBUG Input                - Clearing active input actions
11:05:52.703 [JavaFX Application Thread] DEBUG AssetLoader          - Loading from disk: /assets/ui/css/fxgl_dark.css
11:05:52.708 [JavaFX Application Thread] DEBUG AppStateMachine      - StartupState -> LoadingState
11:05:52.713 [FXGL Background Thread 1 ] DEBUG InitAppTask          - Clearing previous game
11:05:52.713 [FXGL Background Thread 1 ] DEBUG GameWorld            - Clearing game world
11:05:52.713 [FXGL Background Thread 1 ] DEBUG PhysicsWorld         - Clearing physics world
11:05:52.713 [FXGL Background Thread 1 ] DEBUG GameScene            - Clearing game scene
11:05:52.714 [FXGL Background Thread 1 ] DEBUG InitAppTask          - Initializing Game
11:05:52.742 [FXGL Background Thread 1 ] DEBUG GameScene            - Creating render group for layer: DEFAULT(100000)
11:05:52.744 [FXGL Background Thread 1 ] DEBUG InitAppTask          - Initializing Physics
11:05:52.744 [FXGL Background Thread 1 ] DEBUG InitAppTask          - Initializing UI
11:05:52.745 [FXGL Background Thread 1 ] DEBUG InitAppTask          - Initialization Complete
11:05:52.745 [FXGL Background Thread 1 ] INFO  InitAppTask          - Game initialization took: 0,032 sec
11:05:52.783 [JavaFX Application Thread] DEBUG Input                - Clearing active input actions
11:05:52.784 [JavaFX Application Thread] DEBUG AssetLoader          - Loading from disk: /assets/ui/css/fxgl_dark.css
11:05:52.789 [JavaFX Application Thread] DEBUG AppStateMachine      - LoadingState -> PlayState
11:06:00.473 [JavaFX Application Thread] DEBUG FXGL                 - Exiting FXGL
11:06:00.473 [JavaFX Application Thread] DEBUG FXGL                 - Shutting down background threads
11:06:00.474 [JavaFX Application Thread] DEBUG FXGL                 - Saving FXGL system data
11:06:00.478 [JavaFX Application Thread] DEBUG DesktopFSService     - Writing to: system/fxgl.bundle
11:06:00.481 [JavaFX Application Thread] DEBUG FXGL                 - Closing logger and exiting JavaFX
