11:04:06.955 [JavaFX Application Thread] DEBUG GameApplication      - Logger initialized
11:04:06.968 [JavaFX Application Thread] DEBUG GameApplication      - Logging settings
Title: EMIL
Version: 2.0
Width: 200
Height: 200
Fullscreen: false
Intro: false
Menus: false
Profiling: false
Single step:false
App Mode: DEVELOPER
Menu Key: ESCAPE
Stage Style: DECORATED
Scene Factory: class com.almasb.fxgl.scene.SceneFactory
Dialog Factory: class com.almasb.fxgl.ui.FXGLDialogFactory
UI Factory: class com.almasb.fxgl.ui.FXGLUIFactory
Notification Service: class com.almasb.fxgl.gameplay.notification.XboxNotificationView
Exception Handler: class com.almasb.fxgl.app.FXGLExceptionHandler
11:04:06.968 [JavaFX Application Thread] DEBUG GameApplication      - Starting FXGL
11:04:06.974 [JavaFX Application Thread] INFO  FXGL                 - FXGL-0.5.4 on DESKTOP
11:04:06.974 [JavaFX Application Thread] INFO  FXGL                 - Source code and latest versions at: https://github.com/AlmasB/FXGL
11:04:06.974 [JavaFX Application Thread] INFO  FXGL                 -              Join the FXGL chat at: https://gitter.im/AlmasB/FXGL
11:04:06.975 [JavaFX Application Thread] DEBUG FXGL                 - FXGL started
11:04:06.975 [JavaFX Application Thread] DEBUG FXGL                 - Initializing FXGL
11:04:07.014 [JavaFX Application Thread] DEBUG AssetLoader          - Loading from disk: /assets/ui/cursors/fxgl_default.png
11:04:07.227 [JavaFX Application Thread] DEBUG AssetLoader          - Loading from disk: /assets/ui/fonts/VarelaRound-Regular.ttf
11:04:07.300 [JavaFX Application Thread] DEBUG MainWindow           - Creating a JavaFX scene
11:04:07.333 [JavaFX Application Thread] DEBUG MainWindow           - Target settings size: 200.0 x 200.0
11:04:07.333 [JavaFX Application Thread] DEBUG MainWindow           - Scaled scene size:    200.0 x 200.0
11:04:07.334 [JavaFX Application Thread] DEBUG MainWindow           - Scaled ratio: (1.0, 1.0)
11:04:07.336 [JavaFX Application Thread] DEBUG AssetLoader          - Loading from disk: /assets/ui/css/fxgl_dark.css
11:04:07.340 [JavaFX Application Thread] DEBUG AssetLoader          - Loading from disk: /assets/textures/fxgl_icon.png
11:04:07.354 [JavaFX Application Thread] DEBUG MainWindow           - Opening main window
11:04:07.496 [JavaFX Application Thread] DEBUG MainWindow           - Window border size: (0.0, 22.0)
11:04:07.497 [JavaFX Application Thread] DEBUG MainWindow           - Scaled size: 200.0 x 200.0
11:04:07.497 [JavaFX Application Thread] DEBUG MainWindow           - Scaled ratio: (1.0, 1.0)
11:04:07.497 [JavaFX Application Thread] DEBUG MainWindow           - Scene size: 200.0 x 200.0
11:04:07.497 [JavaFX Application Thread] DEBUG MainWindow           - Stage size: 200.0 x 222.0
11:04:07.529 [ForkJoinPool.commonPool-worker-1] DEBUG FS                   - Loaded DesktopFSService
11:04:07.529 [ForkJoinPool.commonPool-worker-1] DEBUG FXGL                 - Loading FXGL system data
11:04:07.538 [ForkJoinPool.commonPool-worker-1] DEBUG DesktopFSService     - Reading from: system/fxgl.bundle
11:04:07.548 [ForkJoinPool.commonPool-worker-1] DEBUG Bundle               - Logging bundle: FXGL
11:04:07.549 [ForkJoinPool.commonPool-worker-1] DEBUG Bundle               - FXGL.offline.timer.version.check=2019-01-03T10:41:21.495
11:04:07.549 [ForkJoinPool.commonPool-worker-1] DEBUG FXGL                 - Initializing state machine and application states
11:04:07.551 [ForkJoinPool.commonPool-worker-1] DEBUG AssetLoader          - Loading from disk: /assets/ui/cursors/fxgl_default.png
11:04:07.557 [ForkJoinPool.commonPool-worker-1] DEBUG AssetLoader          - Loading from disk: /assets/ui/cursors/fxgl_default.png
11:04:07.563 [ForkJoinPool.commonPool-worker-1] DEBUG AssetLoader          - Loading from cache: /assets/ui/fonts/VarelaRound-Regular.ttf
11:04:07.566 [ForkJoinPool.commonPool-worker-1] DEBUG AssetLoader          - Loading from disk: /assets/ui/cursors/fxgl_default.png
11:04:07.569 [ForkJoinPool.commonPool-worker-1] DEBUG GameScene            - Game scene initialized: 200x200
11:04:07.575 [ForkJoinPool.commonPool-worker-1] DEBUG GameWorld            - Game world initialized
11:04:07.627 [ForkJoinPool.commonPool-worker-1] DEBUG PhysicsWorld         - Physics world initialized: appHeight=200, physics.ppm=50,0
11:04:07.650 [ForkJoinPool.commonPool-worker-1] DEBUG Input                - Registered new binding: Pause - Esc
11:04:07.708 [JavaFX Application Thread] DEBUG FXGL                 - Running preInit()
11:04:07.709 [JavaFX Application Thread] DEBUG Input                - Registered new binding: Screenshot - P
11:04:07.709 [JavaFX Application Thread] DEBUG Input                - Registered new binding: Dev Options - CTRL+0
11:04:07.709 [JavaFX Application Thread] DEBUG Input                - Registered new binding: System info dump - CTRL+9
11:04:07.710 [JavaFX Application Thread] DEBUG Input                - Registered new binding: Restart - CTRL+R
11:04:07.710 [JavaFX Application Thread] DEBUG Input                - Registered new binding: Move Right - D
11:04:07.710 [JavaFX Application Thread] DEBUG Input                - Registered new binding: Move Left - A
11:04:07.710 [JavaFX Application Thread] DEBUG Input                - Registered new binding: Move Up - W
11:04:07.710 [JavaFX Application Thread] DEBUG Input                - Registered new binding: Move Down - S
11:04:07.711 [JavaFX Application Thread] INFO  FXGL                 - FXGL initialization took: 0,735 sec
11:04:07.711 [JavaFX Application Thread] DEBUG LoopRunner           - Starting loop
11:04:07.722 [JavaFX Application Thread] DEBUG StartupState         - STARTUP
11:04:07.723 [JavaFX Application Thread] DEBUG GameApplication      - Starting new game
11:04:07.723 [JavaFX Application Thread] DEBUG Input                - Clearing active input actions
11:04:07.724 [JavaFX Application Thread] DEBUG AssetLoader          - Loading from disk: /assets/ui/css/fxgl_dark.css
11:04:07.732 [JavaFX Application Thread] DEBUG AppStateMachine      - StartupState -> LoadingState
11:04:07.736 [FXGL Background Thread 1 ] DEBUG InitAppTask          - Clearing previous game
11:04:07.736 [FXGL Background Thread 1 ] DEBUG GameWorld            - Clearing game world
11:04:07.736 [FXGL Background Thread 1 ] DEBUG PhysicsWorld         - Clearing physics world
11:04:07.736 [FXGL Background Thread 1 ] DEBUG GameScene            - Clearing game scene
11:04:07.737 [FXGL Background Thread 1 ] DEBUG InitAppTask          - Initializing Game
11:04:07.763 [FXGL Background Thread 1 ] DEBUG GameScene            - Creating render group for layer: DEFAULT(100000)
11:04:07.764 [FXGL Background Thread 1 ] DEBUG InitAppTask          - Initializing Physics
11:04:07.764 [FXGL Background Thread 1 ] DEBUG InitAppTask          - Initializing UI
11:04:07.765 [FXGL Background Thread 1 ] DEBUG InitAppTask          - Initialization Complete
11:04:07.766 [FXGL Background Thread 1 ] INFO  InitAppTask          - Game initialization took: 0,030 sec
11:04:07.771 [JavaFX Application Thread] DEBUG Input                - Clearing active input actions
11:04:07.772 [JavaFX Application Thread] DEBUG AssetLoader          - Loading from disk: /assets/ui/css/fxgl_dark.css
11:04:07.776 [JavaFX Application Thread] DEBUG AppStateMachine      - LoadingState -> PlayState
11:04:13.657 [JavaFX Application Thread] DEBUG FXGL                 - Exiting FXGL
11:04:13.657 [JavaFX Application Thread] DEBUG FXGL                 - Shutting down background threads
11:04:13.658 [JavaFX Application Thread] DEBUG FXGL                 - Saving FXGL system data
11:04:13.661 [JavaFX Application Thread] DEBUG DesktopFSService     - Writing to: system/fxgl.bundle
11:04:13.664 [JavaFX Application Thread] DEBUG FXGL                 - Closing logger and exiting JavaFX
