11:09:33.035 [JavaFX Application Thread] DEBUG GameApplication      - Logger initialized
11:09:33.047 [JavaFX Application Thread] DEBUG GameApplication      - Logging settings
Title: EMIL
Version: 2.0
Width: 200
Height: 200
Fullscreen: false
Intro: false
Menus: false
Profiling: false
Single step:false
App Mode: DEVELOPER
Menu Key: ESCAPE
Stage Style: DECORATED
Scene Factory: class com.almasb.fxgl.scene.SceneFactory
Dialog Factory: class com.almasb.fxgl.ui.FXGLDialogFactory
UI Factory: class com.almasb.fxgl.ui.FXGLUIFactory
Notification Service: class com.almasb.fxgl.gameplay.notification.XboxNotificationView
Exception Handler: class com.almasb.fxgl.app.FXGLExceptionHandler
11:09:33.048 [JavaFX Application Thread] DEBUG GameApplication      - Starting FXGL
11:09:33.053 [JavaFX Application Thread] INFO  FXGL                 - FXGL-0.5.4 on DESKTOP
11:09:33.054 [JavaFX Application Thread] INFO  FXGL                 - Source code and latest versions at: https://github.com/AlmasB/FXGL
11:09:33.054 [JavaFX Application Thread] INFO  FXGL                 -              Join the FXGL chat at: https://gitter.im/AlmasB/FXGL
11:09:33.054 [JavaFX Application Thread] DEBUG FXGL                 - FXGL started
11:09:33.055 [JavaFX Application Thread] DEBUG FXGL                 - Initializing FXGL
11:09:33.094 [JavaFX Application Thread] DEBUG AssetLoader          - Loading from disk: /assets/ui/cursors/fxgl_default.png
11:09:33.321 [JavaFX Application Thread] DEBUG AssetLoader          - Loading from disk: /assets/ui/fonts/VarelaRound-Regular.ttf
11:09:33.394 [JavaFX Application Thread] DEBUG MainWindow           - Creating a JavaFX scene
11:09:33.431 [JavaFX Application Thread] DEBUG MainWindow           - Target settings size: 200.0 x 200.0
11:09:33.431 [JavaFX Application Thread] DEBUG MainWindow           - Scaled scene size:    200.0 x 200.0
11:09:33.432 [JavaFX Application Thread] DEBUG MainWindow           - Scaled ratio: (1.0, 1.0)
11:09:33.434 [JavaFX Application Thread] DEBUG AssetLoader          - Loading from disk: /assets/ui/css/fxgl_dark.css
11:09:33.438 [JavaFX Application Thread] DEBUG AssetLoader          - Loading from disk: /assets/textures/fxgl_icon.png
11:09:33.452 [JavaFX Application Thread] DEBUG MainWindow           - Opening main window
11:09:33.595 [JavaFX Application Thread] DEBUG MainWindow           - Window border size: (0.0, 22.0)
11:09:33.595 [JavaFX Application Thread] DEBUG MainWindow           - Scaled size: 200.0 x 200.0
11:09:33.595 [JavaFX Application Thread] DEBUG MainWindow           - Scaled ratio: (1.0, 1.0)
11:09:33.595 [JavaFX Application Thread] DEBUG MainWindow           - Scene size: 200.0 x 200.0
11:09:33.595 [JavaFX Application Thread] DEBUG MainWindow           - Stage size: 200.0 x 222.0
11:09:33.626 [ForkJoinPool.commonPool-worker-1] DEBUG FS                   - Loaded DesktopFSService
11:09:33.627 [ForkJoinPool.commonPool-worker-1] DEBUG FXGL                 - Loading FXGL system data
11:09:33.635 [ForkJoinPool.commonPool-worker-1] DEBUG DesktopFSService     - Reading from: system/fxgl.bundle
11:09:33.643 [ForkJoinPool.commonPool-worker-1] DEBUG Bundle               - Logging bundle: FXGL
11:09:33.644 [ForkJoinPool.commonPool-worker-1] DEBUG Bundle               - FXGL.offline.timer.version.check=2019-01-03T10:41:21.495
11:09:33.644 [ForkJoinPool.commonPool-worker-1] DEBUG FXGL                 - Initializing state machine and application states
11:09:33.646 [ForkJoinPool.commonPool-worker-1] DEBUG AssetLoader          - Loading from disk: /assets/ui/cursors/fxgl_default.png
11:09:33.651 [ForkJoinPool.commonPool-worker-1] DEBUG AssetLoader          - Loading from disk: /assets/ui/cursors/fxgl_default.png
11:09:33.658 [ForkJoinPool.commonPool-worker-1] DEBUG AssetLoader          - Loading from cache: /assets/ui/fonts/VarelaRound-Regular.ttf
11:09:33.661 [ForkJoinPool.commonPool-worker-1] DEBUG AssetLoader          - Loading from disk: /assets/ui/cursors/fxgl_default.png
11:09:33.664 [ForkJoinPool.commonPool-worker-1] DEBUG GameScene            - Game scene initialized: 200x200
11:09:33.670 [ForkJoinPool.commonPool-worker-1] DEBUG GameWorld            - Game world initialized
11:09:33.730 [ForkJoinPool.commonPool-worker-1] DEBUG PhysicsWorld         - Physics world initialized: appHeight=200, physics.ppm=50,0
11:09:33.753 [ForkJoinPool.commonPool-worker-1] DEBUG Input                - Registered new binding: Pause - Esc
11:09:33.797 [JavaFX Application Thread] DEBUG FXGL                 - Running preInit()
11:09:33.798 [JavaFX Application Thread] DEBUG Input                - Registered new binding: Screenshot - P
11:09:33.798 [JavaFX Application Thread] DEBUG Input                - Registered new binding: Dev Options - CTRL+0
11:09:33.798 [JavaFX Application Thread] DEBUG Input                - Registered new binding: System info dump - CTRL+9
11:09:33.799 [JavaFX Application Thread] DEBUG Input                - Registered new binding: Restart - CTRL+R
11:09:33.799 [JavaFX Application Thread] DEBUG Input                - Registered new binding: Move Right - G
11:09:33.799 [JavaFX Application Thread] DEBUG Input                - Registered new binding: Move Left - A
11:09:33.799 [JavaFX Application Thread] DEBUG Input                - Registered new binding: Move Up - W
11:09:33.799 [JavaFX Application Thread] DEBUG Input                - Registered new binding: Move Down - S
11:09:33.800 [JavaFX Application Thread] INFO  FXGL                 - FXGL initialization took: 0,745 sec
11:09:33.800 [JavaFX Application Thread] DEBUG LoopRunner           - Starting loop
11:09:33.801 [JavaFX Application Thread] DEBUG StartupState         - STARTUP
11:09:33.801 [JavaFX Application Thread] DEBUG GameApplication      - Starting new game
11:09:33.801 [JavaFX Application Thread] DEBUG Input                - Clearing active input actions
11:09:33.802 [JavaFX Application Thread] DEBUG AssetLoader          - Loading from disk: /assets/ui/css/fxgl_dark.css
11:09:33.807 [JavaFX Application Thread] DEBUG AppStateMachine      - StartupState -> LoadingState
11:09:33.812 [FXGL Background Thread 1 ] DEBUG InitAppTask          - Clearing previous game
11:09:33.812 [FXGL Background Thread 1 ] DEBUG GameWorld            - Clearing game world
11:09:33.812 [FXGL Background Thread 1 ] DEBUG PhysicsWorld         - Clearing physics world
11:09:33.812 [FXGL Background Thread 1 ] DEBUG GameScene            - Clearing game scene
11:09:33.813 [FXGL Background Thread 1 ] DEBUG InitAppTask          - Initializing Game
11:09:33.841 [FXGL Background Thread 1 ] DEBUG GameScene            - Creating render group for layer: DEFAULT(100000)
11:09:33.843 [FXGL Background Thread 1 ] DEBUG InitAppTask          - Initializing Physics
11:09:33.843 [FXGL Background Thread 1 ] DEBUG InitAppTask          - Initializing UI
11:09:33.846 [FXGL Background Thread 1 ] DEBUG InitAppTask          - Initialization Complete
11:09:33.847 [FXGL Background Thread 1 ] INFO  InitAppTask          - Game initialization took: 0,035 sec
11:09:33.883 [JavaFX Application Thread] DEBUG Input                - Clearing active input actions
11:09:33.884 [JavaFX Application Thread] DEBUG AssetLoader          - Loading from disk: /assets/ui/css/fxgl_dark.css
11:09:33.890 [JavaFX Application Thread] DEBUG AppStateMachine      - LoadingState -> PlayState
11:09:50.467 [JavaFX Application Thread] DEBUG FXGL                 - Exiting FXGL
11:09:50.468 [JavaFX Application Thread] DEBUG FXGL                 - Shutting down background threads
11:09:50.468 [JavaFX Application Thread] DEBUG FXGL                 - Saving FXGL system data
11:09:50.472 [JavaFX Application Thread] DEBUG DesktopFSService     - Writing to: system/fxgl.bundle
11:09:50.475 [JavaFX Application Thread] DEBUG FXGL                 - Closing logger and exiting JavaFX
